(---------------------------------------------------------------------)
(                                                                     )
(    NC DRILL Log                                                     )
(                                                                     )
(    Drawing          : EVSPIN32G4-DUAL-R1.brd                        )
(    Software Version : 17.4S024                                      )
(    Date/Time        : Wed Jan 12 10:20:29 2022                      )
(                                                                     )
(---------------------------------------------------------------------)



 Processing NC Parameters file 'nc_param.txt' ...

 NC PARAMETERS
 -------------

 FORMAT   		2.5
 MACHINE-OFFSET		x:0.00000	y:0.00000   (inch)
 FEEDRATE		1
 COORDINATES		ABSOLUTE
 OUTPUT-UNITS		ENGLISH
 TOOL-ORDER		INCREASING
 REPEAT-CODES		YES
 SUPPRESS-LEAD-ZEROES	YES
 SUPPRESS-TRAIL-ZEROES	NO
 SUPPRESS-EQUAL		YES
 TOOL-SELECT		YES
 HEADER			none
 LEADER			12
 CODE			ASCII
 SEPARATE		NO
 SEPARATE-ROUTING	NO
 OPTIMIZE_DRILLING	YES
 ENHANCED_EXCELLON	YES
 SCALE			1.000000

 WARNING(SPMHMF-358): Design precision is the same as that of the drill output file data.
 WARNING(SPMHMF-359): Data rounding errors may still be possible.
 WARNING(SPMHMF-368): Cannot find NC Drill tool file 'nc_tools.txt'
 WARNING(SPMHMF-369): ... will auto-generate tool file 'nc_tools_auto.txt'.


     Auto-generating tool file 'nc_tools_auto.txt' ...

           Size  Plating  Tool        + Tolerance  - Tolerance

          11.81  P        T01            0.000000     0.000000
          31.50  P        T02            2.000000     0.000000
          35.43  P        T03            0.000000     0.000000
          39.37  P        T04            0.000000     0.000000
          51.18  P        T05            1.180000     0.390000
          40.16  N        T06            0.000000     0.000000
         125.98  N        T07            0.000000     0.000000


Drill files being output to directory 'C:/cadence/INDUSTRIAL/EVSPIN32G4-Dual - Prospero/Allegro' ...



     'EVSPIN32G4-DUAL-R1-1-4.drl' created for holes connecting TOP and BOTTOM
     ------------------------------------------------------------------------

     Tool  Num     Size      +/- Tolerance     Plating   Quantity

     T01    1.  11.8100    0.0000/  0.0000      PLATED        595
     T02    2.  31.5000    2.0000/  0.0000      PLATED          4
     T03    3.  35.4300    0.0000/  0.0000      PLATED         74
     T04    4.  39.3700    0.0000/  0.0000      PLATED         12
     T05    5.  51.1800    1.1800/  0.3900      PLATED         20
     T06    6.  40.1600    0.0000/  0.0000  NON_PLATED          2
     T07    7. 125.9800    0.0000/  0.0000  NON_PLATED          6

     ---- Total holes:                                        713

     ---- Total head travel:              12.23 feet (3.73 meters)

